RUN	computerdatabase.MyComputerSimulation	mycomputersimulation	1738704227257	test 05-02-2025	3.7.6
USER	Admins	START	1738704228562
REQUEST		LoadHomePage	1738704228621	1738704229079	OK	 
REQUEST		SearchComputers_MacBook	1738704231322	1738704231465	OK	 
USER	Users	START	1738704233532
USER	Users	START	1738704233548
REQUEST		LoadComputerDetails_MacBook Pro	1738704233533	1738704233675	OK	 
REQUEST		LoadHomePage	1738704233533	1738704233973	OK	 
REQUEST		LoadHomePage	1738704233549	1738704234005	OK	 
USER	Users	START	1738704235544
REQUEST		Page 0	1738704235689	1738704235831	OK	 
REQUEST		LoadHomePage	1738704235545	1738704235996	OK	 
REQUEST		SearchComputers_Eee	1738704235988	1738704236130	OK	 
REQUEST		SearchComputers_HP	1738704236016	1738704236160	OK	 
USER	Users	START	1738704237531
REQUEST		LoadHomePage	1738704237532	1738704237988	OK	 
REQUEST		Page 1	1738704237851	1738704238025	OK	 
REQUEST		SearchComputers_Eee	1738704238010	1738704238151	OK	 
REQUEST		LoadComputerDetails_ASUS Eee PC 1005PE	1738704238153	1738704238288	OK	 
REQUEST		LoadComputerDetails_HP Mini 1000	1738704238168	1738704238311	OK	 
USER	Users	START	1738704239529
REQUEST		LoadHomePage	1738704239530	1738704239959	OK	 
REQUEST		SearchComputers_Eee	1738704239992	1738704240131	OK	 
REQUEST		Page 2	1738704240040	1738704240181	OK	 
REQUEST		LoadComputerDetails_ASUS Eee PC 1005PE	1738704240167	1738704240312	OK	 
REQUEST		Page 0	1738704240294	1738704240431	OK	 
REQUEST		Page 0	1738704240326	1738704240470	OK	 
USER	Users	START	1738704241536
REQUEST		LoadHomePage	1738704241537	1738704241972	OK	 
REQUEST		SearchComputers_MacBook	1738704241966	1738704242104	OK	 
REQUEST		LoadComputerDetails_ASUS Eee PC 1005PE	1738704242139	1738704242276	OK	 
REQUEST		Page 3	1738704242188	1738704242324	OK	 
REQUEST		Page 0	1738704242331	1738704242472	OK	 
REQUEST		Page 1	1738704242442	1738704242576	OK	 
REQUEST		Page 1	1738704242473	1738704242615	OK	 
USER	Users	START	1738704243542
REQUEST		LoadHomePage	1738704243543	1738704243978	OK	 
USER	Users	START	1738704244033
REQUEST		SearchComputers_HP	1738704243987	1738704244131	OK	 
REQUEST		LoadComputerDetails_MacBook Pro	1738704244113	1738704244250	OK	 
REQUEST		Page 0	1738704244287	1738704244424	OK	 
REQUEST		LoadHomePage	1738704244034	1738704244467	OK	 
REQUEST		Page 4	1738704244335	1738704244472	OK	 
USER	Users	START	1738704244542
REQUEST		Page 1	1738704244479	1738704244624	OK	 
REQUEST		Page 2	1738704244590	1738704244725	OK	 
REQUEST		Page 2	1738704244622	1738704244764	OK	 
REQUEST		LoadHomePage	1738704244543	1738704244957	OK	 
USER	Users	START	1738704245036
REQUEST		LoadHomePage	1738704245036	1738704245455	OK	 
USER	Users	START	1738704245530
REQUEST		LoadHomePage	1738704245531	1738704245948	OK	 
USER	Users	START	1738704246039
REQUEST		SearchComputers_MacBook	1738704245992	1738704246134	OK	 
REQUEST		LoadComputerDetails_HP Mini 1000	1738704246151	1738704246292	OK	 
REQUEST		Page 0	1738704246262	1738704246399	OK	 
REQUEST		LoadHomePage	1738704246040	1738704246448	OK	 
USER	Users	START	1738704246533
REQUEST		Page 1	1738704246438	1738704246583	OK	 
REQUEST		LoadCreateComputerPage	1738704246486	1738704246621	OK	 
REQUEST		SearchComputers_MacBook	1738704246486	1738704246622	OK	 
REQUEST		Page 2	1738704246629	1738704246769	OK	 
REQUEST		Page 3	1738704246741	1738704246876	OK	 
REQUEST		Page 3	1738704246773	1738704246915	OK	 
REQUEST		LoadHomePage	1738704246534	1738704246945	OK	 
USER	Users	START	1738704247029
REQUEST		SearchComputers_HP	1738704246966	1738704247105	OK	 
REQUEST		LoadHomePage	1738704247030	1738704247438	OK	 
USER	Users	START	1738704247538
REQUEST		SearchComputers_MacBook	1738704247475	1738704247614	OK	 
REQUEST		LoadHomePage	1738704247539	1738704247953	OK	 
USER	Users	START	1738704248030
REQUEST		SearchComputers_HP	1738704247966	1738704248104	OK	 
REQUEST		LoadComputerDetails_MacBook Pro	1738704248141	1738704248284	OK	 
REQUEST		LoadHomePage	1738704248031	1738704248439	OK	 
REQUEST		Page 0	1738704248301	1738704248442	OK	 
USER	Users	START	1738704248540
REQUEST		Page 1	1738704248412	1738704248548	OK	 
REQUEST		SearchComputers_Eee	1738704248460	1738704248595	OK	 
REQUEST		Page 2	1738704248588	1738704248723	OK	 
REQUEST		LoadComputerDetails_MacBook Pro	1738704248636	1738704248770	OK	 
REQUEST		CreateNewComputer_GatlingComputer1	1738704248644	1738704248804	OK	 
REQUEST		Page 3	1738704248779	1738704248920	OK	 
REQUEST		LoadHomePage	1738704248541	1738704248963	OK	 
REQUEST		CreateNewComputer_GatlingComputer1 Redirect 1	1738704248830	1738704248965	OK	 
USER	Admins	END	1738704248972
REQUEST		Page 4	1738704248891	1738704249025	OK	 
USER	Users	START	1738704249034
REQUEST		Page 4	1738704248923	1738704249058	OK	 
REQUEST		SearchComputers_HP	1738704248955	1738704249094	OK	 
REQUEST		LoadComputerDetails_HP Mini 1000	1738704249114	1738704249253	OK	 
REQUEST		LoadHomePage	1738704249035	1738704249447	OK	 
USER	Users	START	1738704249530
REQUEST		SearchComputers_Eee	1738704249451	1738704249586	OK	 
REQUEST		LoadComputerDetails_MacBook Pro	1738704249625	1738704249766	OK	 
REQUEST		LoadHomePage	1738704249531	1738704249942	OK	 
USER	Users	START	1738704250035
REQUEST		SearchComputers_Eee	1738704249973	1738704250114	OK	 
REQUEST		LoadComputerDetails_HP Mini 1000	1738704250114	1738704250249	OK	 
REQUEST		Page 0	1738704250289	1738704250425	OK	 
REQUEST		LoadHomePage	1738704250036	1738704250454	OK	 
USER	Users	START	1738704250543
REQUEST		Page 1	1738704250447	1738704250585	OK	 
REQUEST		SearchComputers_Eee	1738704250448	1738704250586	OK	 
REQUEST		Page 2	1738704250558	1738704250693	OK	 
REQUEST		LoadComputerDetails_ASUS Eee PC 1005PE	1738704250606	1738704250741	OK	 
REQUEST		Page 3	1738704250733	1738704250869	OK	 
REQUEST		Page 0	1738704250781	1738704250916	OK	 
REQUEST		LoadHomePage	1738704250543	1738704250946	OK	 
USER	Users	END	1738704251035
USER	Users	START	1738704251034
REQUEST		Page 4	1738704250923	1738704251058	OK	 
USER	Users	END	1738704251066
REQUEST		SearchComputers_Eee	1738704250971	1738704251105	OK	 
REQUEST		LoadComputerDetails_HP Mini 1000	1738704251113	1738704251255	OK	 
REQUEST		Page 0	1738704251256	1738704251398	OK	 
REQUEST		LoadHomePage	1738704251035	1738704251441	OK	 
USER	Users	START	1738704251542
REQUEST		SearchComputers_HP	1738704251463	1738704251597	OK	 
REQUEST		LoadComputerDetails_ASUS Eee PC 1005PE	1738704251589	1738704251726	OK	 
REQUEST		Page 0	1738704251780	1738704251920	OK	 
REQUEST		LoadHomePage	1738704251543	1738704251948	OK	 
USER	Users	START	1738704252027
REQUEST		SearchComputers_Eee	1738704251949	1738704252087	OK	 
REQUEST		LoadComputerDetails_ASUS Eee PC 1005PE	1738704252123	1738704252263	OK	 
REQUEST		Page 0	1738704252266	1738704252402	OK	 
REQUEST		LoadHomePage	1738704252028	1738704252434	OK	 
USER	Users	START	1738704252538
REQUEST		Page 1	1738704252442	1738704252577	OK	 
REQUEST		SearchComputers_Eee	1738704252459	1738704252594	OK	 
REQUEST		LoadComputerDetails_ASUS Eee PC 1005PE	1738704252601	1738704252736	OK	 
REQUEST		Page 2	1738704252601	1738704252737	OK	 
REQUEST		Page 3	1738704252697	1738704252831	OK	 
REQUEST		Page 0	1738704252744	1738704252880	OK	 
REQUEST		LoadHomePage	1738704252538	1738704252944	OK	 
REQUEST		Page 4	1738704252872	1738704253006	OK	 
USER	Users	START	1738704253030
REQUEST		Page 1	1738704252919	1738704253054	OK	 
USER	Users	END	1738704253062
REQUEST		SearchComputers_HP	1738704252951	1738704253086	OK	 
REQUEST		LoadComputerDetails_ASUS Eee PC 1005PE	1738704253110	1738704253245	OK	 
REQUEST		Page 0	1738704253269	1738704253403	OK	 
REQUEST		LoadHomePage	1738704253030	1738704253443	OK	 
USER	Users	START	1738704253538
REQUEST		Page 1	1738704253411	1738704253545	OK	 
REQUEST		SearchComputers_HP	1738704253459	1738704253593	OK	 
REQUEST		LoadComputerDetails_HP Mini 1000	1738704253601	1738704253735	OK	 
REQUEST		Page 0	1738704253743	1738704253877	OK	 
REQUEST		LoadHomePage	1738704253538	1738704253948	OK	 
USER	Users	START	1738704254030
REQUEST		Page 1	1738704253934	1738704254074	OK	 
REQUEST		SearchComputers_Eee	1738704253951	1738704254086	OK	 
REQUEST		LoadComputerDetails_ASUS Eee PC 1005PE	1738704254093	1738704254228	OK	 
REQUEST		Page 0	1738704254268	1738704254402	OK	 
REQUEST		LoadHomePage	1738704254031	1738704254437	OK	 
USER	Users	START	1738704254539
REQUEST		Page 1	1738704254411	1738704254547	OK	 
REQUEST		SearchComputers_MacBook	1738704254443	1738704254579	OK	 
REQUEST		Page 2	1738704254587	1738704254727	OK	 
REQUEST		LoadComputerDetails_ASUS Eee PC 1005PE	1738704254603	1738704254738	OK	 
REQUEST		Page 3	1738704254747	1738704254882	OK	 
REQUEST		Page 0	1738704254747	1738704254883	OK	 
REQUEST		LoadHomePage	1738704254540	1738704254951	OK	 
REQUEST		Page 4	1738704254842	1738704254983	OK	 
USER	Users	END	1738704255018
REQUEST		Page 1	1738704254890	1738704255025	OK	 
USER	Users	START	1738704255034
REQUEST		SearchComputers_MacBook	1738704254954	1738704255095	OK	 
REQUEST		Page 2	1738704255065	1738704255200	OK	 
REQUEST		LoadComputerDetails_HP Mini 1000	1738704255097	1738704255237	OK	 
REQUEST		Page 0	1738704255257	1738704255395	OK	 
REQUEST		LoadHomePage	1738704255034	1738704255446	OK	 
USER	Users	START	1738704255528
REQUEST		Page 1	1738704255417	1738704255551	OK	 
REQUEST		SearchComputers_HP	1738704255448	1738704255583	OK	 
REQUEST		Page 2	1738704255560	1738704255694	OK	 
REQUEST		LoadComputerDetails_HP Mini 1000	1738704255608	1738704255743	OK	 
REQUEST		Page 0	1738704255752	1738704255891	OK	 
REQUEST		LoadHomePage	1738704255529	1738704255933	OK	 
REQUEST		Page 1	1738704255880	1738704256017	OK	 
USER	Users	START	1738704256039
REQUEST		SearchComputers_HP	1738704255959	1738704256096	OK	 
REQUEST		Page 2	1738704256086	1738704256227	OK	 
REQUEST		LoadComputerDetails_ASUS Eee PC 1005PE	1738704256102	1738704256240	OK	 
REQUEST		Page 0	1738704256245	1738704256379	OK	 
REQUEST		LoadHomePage	1738704256040	1738704256453	OK	 
USER	Users	START	1738704256532
REQUEST		Page 1	1738704256420	1738704256555	OK	 
REQUEST		SearchComputers_Eee	1738704256453	1738704256586	OK	 
REQUEST		Page 2	1738704256564	1738704256698	OK	 
REQUEST		LoadComputerDetails_MacBook Pro	1738704256595	1738704256731	OK	 
REQUEST		Page 3	1738704256739	1738704256874	OK	 
REQUEST		Page 0	1738704256755	1738704256890	OK	 
REQUEST		LoadHomePage	1738704256532	1738704256936	OK	 
USER	Users	END	1738704256994
REQUEST		Page 1	1738704256898	1738704257033	OK	 
REQUEST		Page 4	1738704256898	1738704257034	OK	 
USER	Users	START	1738704257041
REQUEST		SearchComputers_MacBook	1738704256962	1738704257104	OK	 
REQUEST		Page 2	1738704257041	1738704257176	OK	 
REQUEST		LoadComputerDetails_MacBook Pro	1738704257105	1738704257241	OK	 
REQUEST		Page 3	1738704257216	1738704257351	OK	 
REQUEST		Page 0	1738704257248	1738704257382	OK	 
REQUEST		LoadHomePage	1738704257042	1738704257448	OK	 
USER	Users	START	1738704257534
REQUEST		Page 1	1738704257406	1738704257543	OK	 
REQUEST		SearchComputers_HP	1738704257454	1738704257589	OK	 
REQUEST		Page 2	1738704257565	1738704257699	OK	 
REQUEST		LoadComputerDetails_HP Mini 1000	1738704257597	1738704257731	OK	 
REQUEST		Page 3	1738704257719	1738704257853	OK	 
REQUEST		Page 0	1738704257757	1738704257892	OK	 
REQUEST		LoadHomePage	1738704257534	1738704257939	OK	 
USER	Users	START	1738704258028
REQUEST		Page 1	1738704257900	1738704258034	OK	 
REQUEST		SearchComputers_HP	1738704257948	1738704258083	OK	 
REQUEST		Page 2	1738704258028	1738704258167	OK	 
REQUEST		LoadComputerDetails_HP Mini 1000	1738704258107	1738704258240	OK	 
REQUEST		Page 3	1738704258234	1738704258370	OK	 
REQUEST		Page 0	1738704258250	1738704258384	OK	 
REQUEST		LoadHomePage	1738704258028	1738704258441	OK	 
REQUEST		Page 1	1738704258393	1738704258528	OK	 
USER	Users	START	1738704258554
REQUEST		SearchComputers_Eee	1738704258457	1738704258599	OK	 
REQUEST		Page 2	1738704258568	1738704258703	OK	 
REQUEST		LoadComputerDetails_ASUS Eee PC 1005PE	1738704258600	1738704258733	OK	 
REQUEST		Page 3	1738704258712	1738704258846	OK	 
REQUEST		Page 0	1738704258744	1738704258879	OK	 
REQUEST		LoadHomePage	1738704258554	1738704258971	OK	 
REQUEST		Page 4	1738704258887	1738704259022	OK	 
USER	Users	START	1738704259030
REQUEST		Page 1	1738704258903	1738704259038	OK	 
USER	Users	END	1738704259047
REQUEST		SearchComputers_HP	1738704258951	1738704259085	OK	 
REQUEST		Page 2	1738704259046	1738704259180	OK	 
REQUEST		LoadComputerDetails_MacBook Pro	1738704259110	1738704259243	OK	 
REQUEST		Page 3	1738704259189	1738704259322	OK	 
REQUEST		Page 0	1738704259253	1738704259387	OK	 
REQUEST		LoadHomePage	1738704259031	1738704259435	OK	 
REQUEST		Page 4	1738704259364	1738704259498	OK	 
USER	Users	START	1738704259528
REQUEST		Page 1	1738704259395	1738704259531	OK	 
REQUEST		SearchComputers_HP	1738704259460	1738704259594	OK	 
REQUEST		Page 2	1738704259560	1738704259694	OK	 
REQUEST		LoadComputerDetails_HP Mini 1000	1738704259608	1738704259742	OK	 
REQUEST		Page 3	1738704259704	1738704259838	OK	 
REQUEST		Page 0	1738704259736	1738704259870	OK	 
REQUEST		LoadHomePage	1738704259528	1738704259933	OK	 
REQUEST		Page 4	1738704259863	1738704259997	OK	 
REQUEST		Page 1	1738704259895	1738704260029	OK	 
USER	Users	START	1738704260038
REQUEST		SearchComputers_Eee	1738704259943	1738704260078	OK	 
REQUEST		Page 2	1738704260038	1738704260172	OK	 
REQUEST		LoadComputerDetails_HP Mini 1000	1738704260101	1738704260235	OK	 
REQUEST		Page 3	1738704260181	1738704260315	OK	 
REQUEST		Page 0	1738704260245	1738704260382	OK	 
REQUEST		LoadHomePage	1738704260038	1738704260446	OK	 
REQUEST		Page 1	1738704260388	1738704260528	OK	 
REQUEST		Page 4	1738704260388	1738704260528	OK	 
USER	Users	START	1738704260532
REQUEST		SearchComputers_HP	1738704260452	1738704260586	OK	 
REQUEST		Page 2	1738704260532	1738704260667	OK	 
REQUEST		LoadComputerDetails_ASUS Eee PC 1005PE	1738704260611	1738704260751	OK	 
REQUEST		Page 3	1738704260707	1738704260842	OK	 
REQUEST		Page 0	1738704260739	1738704260874	OK	 
REQUEST		LoadHomePage	1738704260532	1738704260939	OK	 
REQUEST		Page 4	1738704260851	1738704260986	OK	 
REQUEST		Page 1	1738704260883	1738704261018	OK	 
USER	Users	END	1738704261026
USER	Users	START	1738704261042
REQUEST		SearchComputers_HP	1738704260979	1738704261114	OK	 
REQUEST		Page 2	1738704261042	1738704261177	OK	 
REQUEST		LoadComputerDetails_HP Mini 1000	1738704261090	1738704261225	OK	 
REQUEST		Page 3	1738704261185	1738704261319	OK	 
REQUEST		Page 0	1738704261249	1738704261384	OK	 
REQUEST		LoadHomePage	1738704261042	1738704261447	OK	 
REQUEST		Page 4	1738704261329	1738704261464	OK	 
USER	Users	END	1738704261506
REQUEST		Page 1	1738704261393	1738704261528	OK	 
USER	Users	START	1738704261537
REQUEST		SearchComputers_Eee	1738704261441	1738704261575	OK	 
REQUEST		Page 2	1738704261537	1738704261671	OK	 
REQUEST		LoadComputerDetails_HP Mini 1000	1738704261601	1738704261735	OK	 
REQUEST		Page 3	1738704261697	1738704261832	OK	 
REQUEST		Page 0	1738704261745	1738704261880	OK	 
REQUEST		LoadHomePage	1738704261537	1738704261942	OK	 
REQUEST		Page 4	1738704261841	1738704261975	OK	 
USER	Users	END	1738704262001
REQUEST		Page 1	1738704261873	1738704262007	OK	 
USER	Users	START	1738704262032
REQUEST		SearchComputers_Eee	1738704261936	1738704262072	OK	 
REQUEST		Page 2	1738704262032	1738704262167	OK	 
REQUEST		LoadComputerDetails_ASUS Eee PC 1005PE	1738704262096	1738704262231	OK	 
REQUEST		Page 3	1738704262175	1738704262309	OK	 
REQUEST		Page 0	1738704262238	1738704262375	OK	 
REQUEST		LoadHomePage	1738704262032	1738704262437	OK	 
REQUEST		Page 4	1738704262317	1738704262451	OK	 
REQUEST		Page 1	1738704262397	1738704262533	OK	 
USER	Users	END	1738704262542
USER	Users	START	1738704262544
REQUEST		SearchComputers_HP	1738704262462	1738704262637	OK	 
REQUEST		Page 2	1738704262541	1738704262706	OK	 
REQUEST		LoadComputerDetails_HP Mini 1000	1738704262605	1738704262773	OK	 
REQUEST		Page 3	1738704262685	1738704262837	OK	 
REQUEST		Page 0	1738704262765	1738704262910	OK	 
REQUEST		LoadHomePage	1738704262544	1738704262976	OK	 
REQUEST		Page 4	1738704262845	1738704262980	OK	 
USER	Users	END	1738704262989
USER	Users	START	1738704263036
REQUEST		Page 1	1738704262877	1738704263043	OK	 
REQUEST		SearchComputers_MacBook	1738704262957	1738704263110	OK	 
REQUEST		Page 2	1738704263020	1738704263189	OK	 
REQUEST		LoadComputerDetails_HP Mini 1000	1738704263131	1738704263265	OK	 
REQUEST		Page 3	1738704263195	1738704263330	OK	 
REQUEST		Page 0	1738704263228	1738704263381	OK	 
REQUEST		LoadHomePage	1738704263036	1738704263453	OK	 
REQUEST		Page 4	1738704263323	1738704263458	OK	 
USER	Users	END	1738704263466
REQUEST		Page 1	1738704263387	1738704263522	OK	 
REQUEST		SearchComputers_MacBook	1738704263450	1738704263610	OK	 
REQUEST		Page 2	1738704263530	1738704263700	OK	 
REQUEST		LoadComputerDetails_ASUS Eee PC 1005PE	1738704263593	1738704263750	OK	 
REQUEST		Page 3	1738704263688	1738704263823	OK	 
REQUEST		Page 0	1738704263752	1738704263887	OK	 
REQUEST		Page 4	1738704263847	1738704263981	OK	 
USER	Users	END	1738704263992
REQUEST		Page 1	1738704263895	1738704264030	OK	 
REQUEST		SearchComputers_HP	1738704263960	1738704264094	OK	 
REQUEST		Page 2	1738704264024	1738704264159	OK	 
REQUEST		LoadComputerDetails_ASUS Eee PC 1005PE	1738704264088	1738704264222	OK	 
REQUEST		Page 3	1738704264184	1738704264317	OK	 
REQUEST		Page 0	1738704264247	1738704264400	OK	 
USER	Users	END	1738704264455
REQUEST		Page 4	1738704264326	1738704264461	OK	 
REQUEST		Page 1	1738704264390	1738704264525	OK	 
REQUEST		SearchComputers_Eee	1738704264454	1738704264588	OK	 
REQUEST		Page 2	1738704264549	1738704264684	OK	 
REQUEST		LoadComputerDetails_HP Mini 1000	1738704264645	1738704264779	OK	 
REQUEST		Page 3	1738704264709	1738704264844	OK	 
REQUEST		Page 0	1738704264789	1738704264924	OK	 
REQUEST		Page 4	1738704264853	1738704264989	OK	 
USER	Users	END	1738704264998
REQUEST		Page 1	1738704264918	1738704265058	OK	 
REQUEST		SearchComputers_HP	1738704264982	1738704265117	OK	 
REQUEST		Page 2	1738704265045	1738704265179	OK	 
REQUEST		LoadComputerDetails_MacBook Pro	1738704265125	1738704265259	OK	 
REQUEST		Page 3	1738704265204	1738704265338	OK	 
REQUEST		Page 0	1738704265268	1738704265412	OK	 
USER	Users	END	1738704265476
REQUEST		Page 4	1738704265348	1738704265484	OK	 
REQUEST		Page 1	1738704265396	1738704265534	OK	 
REQUEST		SearchComputers_MacBook	1738704265460	1738704265594	OK	 
REQUEST		Page 2	1738704265539	1738704265675	OK	 
REQUEST		LoadComputerDetails_MacBook Pro	1738704265619	1738704265753	OK	 
REQUEST		Page 3	1738704265715	1738704265850	OK	 
REQUEST		Page 0	1738704265763	1738704265899	OK	 
REQUEST		Page 4	1738704265827	1738704265961	OK	 
USER	Users	END	1738704265987
REQUEST		Page 1	1738704265891	1738704266024	OK	 
REQUEST		Page 2	1738704266034	1738704266168	OK	 
REQUEST		LoadComputerDetails_HP Mini 1000	1738704266097	1738704266231	OK	 
REQUEST		Page 3	1738704266161	1738704266295	OK	 
REQUEST		Page 0	1738704266224	1738704266358	OK	 
REQUEST		Page 4	1738704266335	1738704266469	OK	 
USER	Users	END	1738704266479
REQUEST		Page 1	1738704266415	1738704266549	OK	 
REQUEST		Page 2	1738704266527	1738704266661	OK	 
REQUEST		LoadComputerDetails_ASUS Eee PC 1005PE	1738704266590	1738704266725	OK	 
REQUEST		Page 3	1738704266686	1738704266821	OK	 
REQUEST		Page 0	1738704266782	1738704266917	OK	 
REQUEST		Page 4	1738704266862	1738704266996	OK	 
USER	Users	END	1738704267005
REQUEST		Page 1	1738704266925	1738704267060	OK	 
REQUEST		Page 2	1738704267069	1738704267208	OK	 
REQUEST		LoadComputerDetails_HP Mini 1000	1738704267133	1738704267267	OK	 
REQUEST		Page 3	1738704267196	1738704267336	OK	 
REQUEST		Page 0	1738704267277	1738704267411	OK	 
REQUEST		Page 4	1738704267340	1738704267474	OK	 
USER	Users	END	1738704267500
REQUEST		Page 1	1738704267420	1738704267556	OK	 
REQUEST		Page 2	1738704267547	1738704267683	OK	 
REQUEST		LoadComputerDetails_MacBook Pro	1738704267611	1738704267745	OK	 
REQUEST		Page 3	1738704267691	1738704267837	OK	 
REQUEST		Page 0	1738704267755	1738704267890	OK	 
USER	Users	END	1738704267963
REQUEST		Page 4	1738704267867	1738704268001	OK	 
REQUEST		Page 1	1738704267915	1738704268049	OK	 
REQUEST		Page 2	1738704268026	1738704268161	OK	 
REQUEST		Page 3	1738704268170	1738704268304	OK	 
REQUEST		Page 0	1738704268234	1738704268368	OK	 
REQUEST		Page 4	1738704268298	1738704268432	OK	 
USER	Users	END	1738704268474
REQUEST		Page 1	1738704268361	1738704268497	OK	 
REQUEST		Page 2	1738704268553	1738704268687	OK	 
REQUEST		Page 3	1738704268665	1738704268801	OK	 
REQUEST		Page 0	1738704268728	1738704268865	OK	 
REQUEST		Page 4	1738704268824	1738704268959	OK	 
USER	Users	END	1738704269000
REQUEST		Page 1	1738704268920	1738704269056	OK	 
REQUEST		Page 2	1738704269063	1738704269198	OK	 
REQUEST		Page 3	1738704269224	1738704269365	OK	 
REQUEST		Page 0	1738704269272	1738704269406	OK	 
USER	Users	END	1738704269480
REQUEST		Page 4	1738704269351	1738704269485	OK	 
REQUEST		Page 1	1738704269415	1738704269549	OK	 
REQUEST		Page 2	1738704269559	1738704269693	OK	 
REQUEST		Page 3	1738704269686	1738704269821	OK	 
REQUEST		Page 0	1738704269750	1738704269885	OK	 
REQUEST		Page 4	1738704269846	1738704269980	OK	 
USER	Users	END	1738704270005
REQUEST		Page 1	1738704269893	1738704270028	OK	 
REQUEST		Page 2	1738704270053	1738704270187	OK	 
REQUEST		Page 3	1738704270164	1738704270297	OK	 
USER	Users	END	1738704270436
REQUEST		Page 4	1738704270307	1738704270441	OK	 
REQUEST		Page 1	1738704270371	1738704270507	OK	 
REQUEST		Page 2	1738704270499	1738704270633	OK	 
REQUEST		Page 3	1738704270690	1738704270825	OK	 
REQUEST		Page 4	1738704270818	1738704270953	OK	 
USER	Users	END	1738704270978
REQUEST		Page 1	1738704270882	1738704271017	OK	 
REQUEST		Page 2	1738704271072	1738704271209	OK	 
REQUEST		Page 3	1738704271200	1738704271335	OK	 
USER	Users	END	1738704271490
REQUEST		Page 4	1738704271377	1738704271516	OK	 
REQUEST		Page 1	1738704271409	1738704271543	OK	 
REQUEST		Page 2	1738704271552	1738704271687	OK	 
REQUEST		Page 3	1738704271696	1738704271837	OK	 
REQUEST		Page 4	1738704271824	1738704271960	OK	 
USER	Users	END	1738704271983
REQUEST		Page 1	1738704271887	1738704272022	OK	 
REQUEST		Page 2	1738704272030	1738704272165	OK	 
REQUEST		Page 3	1738704272190	1738704272325	OK	 
REQUEST		Page 4	1738704272301	1738704272437	OK	 
USER	Users	END	1738704272444
REQUEST		Page 2	1738704272524	1738704272659	OK	 
REQUEST		Page 3	1738704272636	1738704272771	OK	 
REQUEST		Page 4	1738704272827	1738704272964	OK	 
USER	Users	END	1738704272971
REQUEST		Page 2	1738704273034	1738704273170	OK	 
REQUEST		Page 3	1738704273225	1738704273362	OK	 
REQUEST		Page 4	1738704273352	1738704273488	OK	 
USER	Users	END	1738704273528
REQUEST		Page 2	1738704273560	1738704273694	OK	 
REQUEST		Page 3	1738704273704	1738704273838	OK	 
USER	Users	END	1738704273976
REQUEST		Page 4	1738704273847	1738704273982	OK	 
REQUEST		Page 2	1738704274039	1738704274175	OK	 
REQUEST		Page 3	1738704274183	1738704274318	OK	 
USER	Users	END	1738704274453
REQUEST		Page 4	1738704274341	1738704274475	OK	 
REQUEST		Page 3	1738704274660	1738704274796	OK	 
REQUEST		Page 4	1738704274772	1738704274907	OK	 
USER	Users	END	1738704274981
REQUEST		Page 3	1738704275187	1738704275321	OK	 
USER	Users	END	1738704275506
REQUEST		Page 4	1738704275378	1738704275512	OK	 
REQUEST		Page 3	1738704275696	1738704275830	OK	 
REQUEST		Page 4	1738704275840	1738704275974	OK	 
USER	Users	END	1738704275999
REQUEST		Page 3	1738704276189	1738704276323	OK	 
REQUEST		Page 4	1738704276330	1738704276466	OK	 
USER	Users	END	1738704276491
USER	Users	END	1738704276921
REQUEST		Page 4	1738704276809	1738704276944	OK	 
REQUEST		Page 4	1738704277336	1738704277470	OK	 
USER	Users	END	1738704277528
REQUEST		Page 4	1738704277846	1738704277980	OK	 
USER	Users	END	1738704277990
REQUEST		Page 4	1738704278338	1738704278473	OK	 
USER	Users	END	1738704278483
USER	Users	END	1738704278959
USER	Users	END	1738704279484
USER	Users	END	1738704279983
USER	Users	END	1738704280476
